生成启动时间为 2017/2/10 22:17:42。
     1>项目“F:\Workplace\CODE-BEANCH\avcore\master\third\faac-1.28\libfaac\libfaac.vcxproj”在节点 2 上(Build 个目标)。
     1>C:\Program Files (x86)\MSBuild\Microsoft.Cpp\v4.0\V120\Microsoft.CppBuild.targets(381,5): warning MSB8028: The intermediate directory (.\Debug\) contains files shared from another project (libfaac_dll.vcxproj).  This can lead to incorrect clean and rebuild behavior.
     1>ClCompile:
         C:\Program Files (x86)\Microsoft Visual Studio 12.0\VC\bin\CL.exe /c /I../include /ZI /nologo /W3 /WX- /Od /Oy- /D WIN32 /D _DEBUG /D _LIB /D _VC80_UPGRADE=0x0700 /D _MBCS /Gm- /EHsc /RTC1 /MTd /GS /fp:precise /Zc:wchar_t /Zc:forScope /Fo".\Debug/" /Fd".\Debug/vc120.pdb" /Gd /TC /analyze- /errorReport:prompt aacquant.c backpred.c bitstream.c channels.c fft.c filtbank.c frame.c huffman.c ltp.c midside.c psychkni.c tns.c util.c
         aacquant.c
     1>f:\workplace\code-beanch\avcore\master\third\faac-1.28\libfaac\aacquant.c(198): warning C4244: “函数”: 从“double”转换到“int”，可能丢失数据
     1>f:\workplace\code-beanch\avcore\master\third\faac-1.28\libfaac\aacquant.c(337): warning C4307: “*”: 整型常量溢出
     1>f:\workplace\code-beanch\avcore\master\third\faac-1.28\libfaac\aacquant.c(337): warning C4244: “=”: 从“double”转换到“float”，可能丢失数据
     1>f:\workplace\code-beanch\avcore\master\third\faac-1.28\libfaac\aacquant.c(446): warning C4244: “=”: 从“double”转换到“int”，可能丢失数据
     1>f:\workplace\code-beanch\avcore\master\third\faac-1.28\libfaac\aacquant.c(447): warning C4244: “=”: 从“double”转换到“int”，可能丢失数据
     1>f:\workplace\code-beanch\avcore\master\third\faac-1.28\libfaac\aacquant.c(602): warning C4244: “=”: 从“double”转换到“int”，可能丢失数据
     1>f:\workplace\code-beanch\avcore\master\third\faac-1.28\libfaac\aacquant.c(614): warning C4244: “=”: 从“double”转换到“int”，可能丢失数据
         backpred.c
         bitstream.c
     1>f:\workplace\code-beanch\avcore\master\third\faac-1.28\libfaac\bitstream.c(122): warning C4996: 'sprintf': This function or variable may be unsafe. Consider using sprintf_s instead. To disable deprecation, use _CRT_SECURE_NO_WARNINGS. See online help for details.
                 c:\program files (x86)\microsoft visual studio 12.0\vc\include\stdio.h(356) : 参见“sprintf”的声明
     1>f:\workplace\code-beanch\avcore\master\third\faac-1.28\libfaac\bitstream.c(124): warning C4013: “strlen”未定义；假设外部返回 int
         channels.c
         fft.c
     1>f:\workplace\code-beanch\avcore\master\third\faac-1.28\libfaac\fft.c(614): warning C4244: “=”: 从“double”转换到“fftfloat”，可能丢失数据
     1>f:\workplace\code-beanch\avcore\master\third\faac-1.28\libfaac\fft.c(615): warning C4244: “=”: 从“double”转换到“fftfloat”，可能丢失数据
         filtbank.c
         frame.c
     1>f:\workplace\code-beanch\avcore\master\third\faac-1.28\libfaac\frame.c(235): warning C4244: “=”: 从“double”转换到“unsigned int”，可能丢失数据
     1>f:\workplace\code-beanch\avcore\master\third\faac-1.28\libfaac\frame.c(241): warning C4244: “=”: 从“double”转换到“unsigned int”，可能丢失数据
     1>f:\workplace\code-beanch\avcore\master\third\faac-1.28\libfaac\frame.c(242): warning C4244: “=”: 从“double”转换到“unsigned long”，可能丢失数据
     1>f:\workplace\code-beanch\avcore\master\third\faac-1.28\libfaac\frame.c(245): warning C4018: “>”: 有符号/无符号不匹配
     1>f:\workplace\code-beanch\avcore\master\third\faac-1.28\libfaac\frame.c(330): warning C4244: “=”: 从“const double”转换到“unsigned int”，可能丢失数据
     1>f:\workplace\code-beanch\avcore\master\third\faac-1.28\libfaac\frame.c(331): warning C4018: “>”: 有符号/无符号不匹配
     1>f:\workplace\code-beanch\avcore\master\third\faac-1.28\libfaac\frame.c(533): warning C4018: “<”: 有符号/无符号不匹配
     1>f:\workplace\code-beanch\avcore\master\third\faac-1.28\libfaac\frame.c(545): warning C4018: “<”: 有符号/无符号不匹配
     1>f:\workplace\code-beanch\avcore\master\third\faac-1.28\libfaac\frame.c(557): warning C4018: “<”: 有符号/无符号不匹配
         huffman.c
         ltp.c
         midside.c
         psychkni.c
     1>f:\workplace\code-beanch\avcore\master\third\faac-1.28\libfaac\psychkni.c(346): warning C4244: “=”: 从“double”转换到“int”，可能丢失数据
     1>f:\workplace\code-beanch\avcore\master\third\faac-1.28\libfaac\psychkni.c(393): warning C4244: “=”: 从“double”转换到“psyfloat”，可能丢失数据
         tns.c
         util.c
         正在生成代码...
       Lib:
         C:\Program Files (x86)\Microsoft Visual Studio 12.0\VC\bin\Lib.exe /OUT:".\Debug\libfaac.lib" /NOLOGO .\Debug/aacquant.obj
         .\Debug/backpred.obj
         .\Debug/bitstream.obj
         .\Debug/channels.obj
         .\Debug/fft.obj
         .\Debug/filtbank.obj
         .\Debug/frame.obj
         .\Debug/huffman.obj
         .\Debug/ltp.obj
         .\Debug/midside.obj
         .\Debug/psychkni.obj
         .\Debug/tns.obj
         .\Debug/util.obj
         libfaac.vcxproj -> F:\Workplace\CODE-BEANCH\avcore\master\third\faac-1.28\libfaac\.\Debug\libfaac.lib
     1>已完成生成项目“F:\Workplace\CODE-BEANCH\avcore\master\third\faac-1.28\libfaac\libfaac.vcxproj”(Build 个目标)的操作。

生成成功。

已用时间 00:00:00.50
